geidea/build/intermediates/manifest_merge_blame_file/debug/processDebugManifest/manifest-merger-blame-debug-report.txt
1<?xml version="1.0" encoding="utf-8"?>
2<manifest xmlns:android="http://schemas.android.com/apk/res/android"
3    xmlns:tools="http://schemas.android.com/tools"
4    package="net.geidea.paymentsdk" >
5
6    <uses-sdk android:minSdkVersion="23" />
7
8    <uses-permission android:name="android.permission.ACCESS_NETWORK_STATE" />
8-->src/main/AndroidManifest.xml:6:5-79
8-->src/main/AndroidManifest.xml:6:22-76
9    <uses-permission android:name="android.permission.INTERNET" />
9-->src/main/AndroidManifest.xml:7:5-67
9-->src/main/AndroidManifest.xml:7:22-64
10
11    <application>
11-->src/main/AndroidManifest.xml:9:5-29:19
12        <provider
12-->src/main/AndroidManifest.xml:10:9-20:20
13            android:name="androidx.startup.InitializationProvider"
13-->src/main/AndroidManifest.xml:11:13-67
14            android:authorities="${applicationId}.androidx-startup"
14-->src/main/AndroidManifest.xml:12:13-68
15            android:exported="false"
15-->src/main/AndroidManifest.xml:13:13-37
16            tools:node="merge" >
16-->src/main/AndroidManifest.xml:14:13-31
17            <meta-data
17-->src/main/AndroidManifest.xml:16:13-19:19
18                android:name="net.geidea.paymentsdk.internal.di.SdkInitializer"
18-->src/main/AndroidManifest.xml:17:17-80
19                android:value="androidx.startup" />
19-->src/main/AndroidManifest.xml:18:17-49
20        </provider>
21
22        <activity
22-->src/main/AndroidManifest.xml:22:9-28:15
23            android:name="net.geidea.paymentsdk.flow.pay.PaymentActivity"
23-->src/main/AndroidManifest.xml:23:13-53
24            android:hardwareAccelerated="true"
24-->src/main/AndroidManifest.xml:24:13-47
25            android:label="@string/gd_activity_payment"
25-->src/main/AndroidManifest.xml:25:13-56
26            android:screenOrientation="sensorPortrait"
26-->src/main/AndroidManifest.xml:27:13-55
27            android:windowSoftInputMode="adjustResize" />
27-->src/main/AndroidManifest.xml:26:13-55
28    </application>
29
30</manifest>